<?xml version="1.0" encoding="UTF-8"?>
<!-- Generated by org.testng.reporters.JUnitReportReporter -->
<testsuite hostname="tungvm-Inspiron-N4010" name="org.exoplatform.selenium.platform.demo.PLF_demo" tests="2" failures="0" timestamp="10 Aug 2012 04:42:33 GMT" time="18.094" errors="0">
  <testcase name="searchOther" time="4.576" classname="org.exoplatform.selenium.platform.demo.PLF_demo"/>
  <testcase name="searchSelenium" time="13.518" classname="org.exoplatform.selenium.platform.demo.PLF_demo"/>
</testsuite>
